<?xml version="1.0" encoding="UTF-8"?>
<testsuite name="com.tw.homeAssistant.CircularLightTest" tests="4" skipped="0" failures="0" errors="0" timestamp="2018-04-23T09:41:02" hostname="in-manishy.local" time="0.998">
  <properties/>
  <testcase name="shouldSwitchOffCircularLight" classname="com.tw.homeAssistant.CircularLightTest" time="0.012"/>
  <testcase name="shouldReturnFalseIfNoInstructionIsGiven" classname="com.tw.homeAssistant.CircularLightTest" time="0.902"/>
  <testcase name="shouldTurnOffLightWhenUndoIsCalled" classname="com.tw.homeAssistant.CircularLightTest" time="0.07"/>
  <testcase name="shouldSwitchOnCircularLight" classname="com.tw.homeAssistant.CircularLightTest" time="0.002"/>
  <system-out><![CDATA[]]></system-out>
  <system-err><![CDATA[]]></system-err>
</testsuite>
